<?xml version="1.0" encoding="UTF-8"?>
<testng-results ignored="0" total="2" passed="2" failed="0" skipped="0">
  <reporter-output>
  </reporter-output>
  <suite started-at="2022-01-04T12:26:29 CST" name="Suite" finished-at="2022-01-04T12:26:47 CST" duration-ms="18149">
    <groups>
    </groups>
    <test started-at="2022-01-04T12:26:29 CST" name="Test" finished-at="2022-01-04T12:26:47 CST" duration-ms="18149">
      <class name="cases.Test1">
        <test-method signature="op_driver()[pri:1, instance:cases.Test1@932bc4a]" started-at="2022-01-04T12:26:29 CST" name="op_driver" finished-at="2022-01-04T12:26:38 CST" duration-ms="9047" status="PASS">
          <reporter-output>
          </reporter-output>
        </test-method> <!-- op_driver -->
      </class> <!-- cases.Test1 -->
      <class name="cases.Test2">
        <test-method signature="op_driver()[pri:2, instance:cases.Test2@4a7f959b]" started-at="2022-01-04T12:26:38 CST" name="op_driver" finished-at="2022-01-04T12:26:47 CST" duration-ms="9074" status="PASS">
          <reporter-output>
          </reporter-output>
        </test-method> <!-- op_driver -->
      </class> <!-- cases.Test2 -->
    </test> <!-- Test -->
  </suite> <!-- Suite -->
</testng-results>
