<?xml version="1.0" encoding="UTF-8"?>
<testng-results ignored="0" total="1" passed="1" failed="0" skipped="0">
  <reporter-output>
  </reporter-output>
  <suite started-at="2022-01-05T10:22:54 CST" name="Default suite" finished-at="2022-01-05T10:22:59 CST" duration-ms="4937">
    <groups>
    </groups>
    <test started-at="2022-01-05T10:22:54 CST" name="Default test" finished-at="2022-01-05T10:22:59 CST" duration-ms="4937">
      <class name="cases.Test1">
        <test-method signature="test1()[pri:1, instance:cases.Test1@6bedbc4d]" started-at="2022-01-05T10:22:54 CST" name="test1" finished-at="2022-01-05T10:22:59 CST" duration-ms="4913" status="PASS">
          <reporter-output>
          </reporter-output>
        </test-method> <!-- test1 -->
      </class> <!-- cases.Test1 -->
    </test> <!-- Default test -->
  </suite> <!-- Default suite -->
</testng-results>
